<?xml version="1.0" encoding="UTF-8"?>
<testng-results skipped="0" failed="0" ignored="0" total="1" passed="1">
  <reporter-output>
  </reporter-output>
  <suite name="Surefire suite" duration-ms="34620" started-at="2020-06-28T06:47:18 CDT" finished-at="2020-06-28T06:47:52 CDT">
    <groups>
    </groups>
    <test name="Surefire test" duration-ms="34620" started-at="2020-06-28T06:47:18 CDT" finished-at="2020-06-28T06:47:52 CDT">
      <class name="Flights.Framework.FlightsFunctionTest">
        <test-method status="PASS" signature="initialize()[pri:0, instance:Flights.Framework.FlightsFunctionTest@3fee9989]" name="initialize" is-config="true" duration-ms="19029" started-at="2020-06-28T06:47:18 CDT" finished-at="2020-06-28T06:47:37 CDT">
          <reporter-output>
          </reporter-output>
        </test-method> <!-- initialize -->
        <test-method status="PASS" signature="getInfo()[pri:0, instance:Flights.Framework.FlightsFunctionTest@3fee9989]" name="getInfo" duration-ms="14692" started-at="2020-06-28T06:47:37 CDT" finished-at="2020-06-28T06:47:51 CDT">
          <reporter-output>
          </reporter-output>
        </test-method> <!-- getInfo -->
        <test-method status="PASS" signature="quit()[pri:0, instance:Flights.Framework.FlightsFunctionTest@3fee9989]" name="quit" is-config="true" duration-ms="821" started-at="2020-06-28T06:47:51 CDT" finished-at="2020-06-28T06:47:52 CDT">
          <reporter-output>
          </reporter-output>
        </test-method> <!-- quit -->
      </class> <!-- Flights.Framework.FlightsFunctionTest -->
    </test> <!-- Surefire test -->
  </suite> <!-- Surefire suite -->
</testng-results>
